<?xml version="1.0" encoding="UTF-8"?>
<!-- Generated by org.testng.reporters.JUnitReportReporter -->
<testsuite hostname="INHYD-GF401B3" failures="0" tests="9" name="Poland.plGames" time="-1653379200.000" errors="1" timestamp="2022-05-24T13:29:50 IST" skipped="8">
  <testcase classname="Poland.plGames" name="beforeMethod" time="-1653379200.000">
    <error message="
Parameter &#039;browser&#039; is required by BeforeMethod on method beforeMethod but has not been marked @Optional or defined
in C:\Users\pdf57170\AppData\Local\Temp\testng-eclipse--820100218\testng-customsuite.xml" type="org.testng.TestNGException">
      <![CDATA[org.testng.TestNGException: 
Parameter 'browser' is required by BeforeMethod on method beforeMethod but has not been marked @Optional or defined
in C:\Users\pdf57170\AppData\Local\Temp\testng-eclipse--820100218\testng-customsuite.xml
at org.testng.internal.Parameters.createParams(Parameters.java:267)
at org.testng.internal.Parameters.createParametersForMethod(Parameters.java:355)
at org.testng.internal.Parameters.createParameters(Parameters.java:660)
at org.testng.internal.Parameters.createConfigurationParameters(Parameters.java:166)
at org.testng.internal.invokers.ConfigInvoker.invokeConfigurations(ConfigInvoker.java:300)
at org.testng.internal.invokers.TestInvoker.runConfigMethods(TestInvoker.java:803)
at org.testng.internal.invokers.TestInvoker.invokeMethod(TestInvoker.java:589)
at org.testng.internal.invokers.TestInvoker.invokeTestMethod(TestInvoker.java:220)
at org.testng.internal.invokers.MethodRunner.runInSequence(MethodRunner.java:50)
at org.testng.internal.invokers.TestInvoker$MethodInvocationAgent.invoke(TestInvoker.java:945)
at org.testng.internal.invokers.TestInvoker.invokeTestMethods(TestInvoker.java:193)
at org.testng.internal.invokers.TestMethodWorker.invokeTestMethods(TestMethodWorker.java:146)
at org.testng.internal.invokers.TestMethodWorker.run(TestMethodWorker.java:128)
at java.base/java.util.ArrayList.forEach(ArrayList.java:1511)
at org.testng.TestRunner.privateRun(TestRunner.java:808)
at org.testng.TestRunner.run(TestRunner.java:603)
at org.testng.SuiteRunner.runTest(SuiteRunner.java:429)
at org.testng.SuiteRunner.runSequentially(SuiteRunner.java:423)
at org.testng.SuiteRunner.privateRun(SuiteRunner.java:383)
at org.testng.SuiteRunner.run(SuiteRunner.java:326)
at org.testng.SuiteRunnerWorker.runSuite(SuiteRunnerWorker.java:52)
at org.testng.SuiteRunnerWorker.run(SuiteRunnerWorker.java:95)
at org.testng.TestNG.runSuitesSequentially(TestNG.java:1249)
at org.testng.TestNG.runSuitesLocally(TestNG.java:1169)
at org.testng.TestNG.runSuites(TestNG.java:1092)
at org.testng.TestNG.run(TestNG.java:1060)
at org.testng.remote.AbstractRemoteTestNG.run(AbstractRemoteTestNG.java:115)
at org.testng.remote.RemoteTestNG.initAndRun(RemoteTestNG.java:251)
at org.testng.remote.RemoteTestNG.main(RemoteTestNG.java:77)
]]>
    </error>
  </testcase> <!-- beforeMethod -->
  <system-out/>
  <testcase classname="Poland.plGames" name="triplePlatinum" time="0.000">
    <skipped/>
  </testcase> <!-- triplePlatinum -->
  <system-out/>
  <testcase classname="Poland.plGames" name="Cyferki" time="0.000">
    <skipped/>
  </testcase> <!-- Cyferki -->
  <system-out/>
  <testcase classname="Poland.plGames" name="Antyki" time="0.000">
    <skipped/>
  </testcase> <!-- Antyki -->
  <system-out/>
  <testcase classname="Poland.plGames" name="Egypt" time="0.000">
    <skipped/>
  </testcase> <!-- Egypt -->
  <system-out/>
  <testcase classname="Poland.plGames" name="Card5" time="0.000">
    <skipped/>
  </testcase> <!-- Card5 -->
  <system-out/>
  <testcase classname="Poland.plGames" name="Diamond" time="0.000">
    <skipped/>
  </testcase> <!-- Diamond -->
  <system-out/>
  <testcase classname="Poland.plGames" name="ChristmasBalls" time="0.000">
    <skipped/>
  </testcase> <!-- ChristmasBalls -->
  <system-out/>
  <testcase classname="Poland.plGames" name="goldRush" time="0.000">
    <skipped/>
  </testcase> <!-- goldRush -->
  <system-out/>
</testsuite> <!-- Poland.plGames -->
