<?xml version="1.0" encoding="UTF-8"?>
<!-- Generated by org.testng.reporters.JUnitReportReporter -->
<testsuite hostname="INHYD-GF401B3" failures="0" tests="2" name="src.AutoTest3" time="2.353" errors="2" timestamp="2022-05-04T17:49:20 IST" skipped="0">
  <testcase classname="src.AutoTest3" name="CelticCionsJackpot" time="0.003">
    <error message="ImageMissing: P(https://gtechcorp.sharepoint.com/sites/RGSeInstant/Shared Documents/Forms/AllItems.aspx?csf=1&amp;web=1&amp;e=PIHKJ7&amp;cid=a64b0bd7-9644-4403-a4e1-48846b4e8d01&amp;FolderCTID=0x0120004D43CBD58EA1A440B309B4EF9FD08078&amp;id=/sites/RGSeInstant/Shared Documents/Skill transfer/QA/SikuliImages/sekuliImages/Kentucky/CelticCoinsJackpot&amp;viewid=a9cbab4a-e06c-4ee7-bad6-87a3247a1c90/celtic1.png -- not valid!) S: 0.7" type="java.lang.RuntimeException">
      <![CDATA[java.lang.RuntimeException: ImageMissing: P(https://gtechcorp.sharepoint.com/sites/RGSeInstant/Shared Documents/Forms/AllItems.aspx?csf=1&web=1&e=PIHKJ7&cid=a64b0bd7-9644-4403-a4e1-48846b4e8d01&FolderCTID=0x0120004D43CBD58EA1A440B309B4EF9FD08078&id=/sites/RGSeInstant/Shared Documents/Skill transfer/QA/SikuliImages/sekuliImages/Kentucky/CelticCoinsJackpot&viewid=a9cbab4a-e06c-4ee7-bad6-87a3247a1c90/celtic1.png -- not valid!) S: 0.7
at org.sikuli.script.RunTime.abortScripting(RunTime.java:71)
at org.sikuli.script.Region.wait(Region.java:2730)
at src.AutoTest3.CelticCionsJackpot(AutoTest3.java:67)
at java.base/jdk.internal.reflect.DirectMethodHandleAccessor.invoke(DirectMethodHandleAccessor.java:104)
at java.base/java.lang.reflect.Method.invoke(Method.java:577)
at org.testng.internal.invokers.MethodInvocationHelper.invokeMethod(MethodInvocationHelper.java:135)
at org.testng.internal.invokers.TestInvoker.invokeMethod(TestInvoker.java:673)
at org.testng.internal.invokers.TestInvoker.invokeTestMethod(TestInvoker.java:220)
at org.testng.internal.invokers.MethodRunner.runInSequence(MethodRunner.java:50)
at org.testng.internal.invokers.TestInvoker$MethodInvocationAgent.invoke(TestInvoker.java:945)
at org.testng.internal.invokers.TestInvoker.invokeTestMethods(TestInvoker.java:193)
at org.testng.internal.invokers.TestMethodWorker.invokeTestMethods(TestMethodWorker.java:146)
at org.testng.internal.invokers.TestMethodWorker.run(TestMethodWorker.java:128)
at java.base/java.util.ArrayList.forEach(ArrayList.java:1511)
at org.testng.TestRunner.privateRun(TestRunner.java:808)
at org.testng.TestRunner.run(TestRunner.java:603)
at org.testng.SuiteRunner.runTest(SuiteRunner.java:429)
at org.testng.SuiteRunner.runSequentially(SuiteRunner.java:423)
at org.testng.SuiteRunner.privateRun(SuiteRunner.java:383)
at org.testng.SuiteRunner.run(SuiteRunner.java:326)
at org.testng.SuiteRunnerWorker.runSuite(SuiteRunnerWorker.java:52)
at org.testng.SuiteRunnerWorker.run(SuiteRunnerWorker.java:95)
at org.testng.TestNG.runSuitesSequentially(TestNG.java:1249)
at org.testng.TestNG.runSuitesLocally(TestNG.java:1169)
at org.testng.TestNG.runSuites(TestNG.java:1092)
at org.testng.TestNG.run(TestNG.java:1060)
at org.testng.remote.AbstractRemoteTestNG.run(AbstractRemoteTestNG.java:115)
at org.testng.remote.RemoteTestNG.initAndRun(RemoteTestNG.java:251)
at org.testng.remote.RemoteTestNG.main(RemoteTestNG.java:77)
]]>
    </error>
  </testcase> <!-- CelticCionsJackpot -->
  <system-out/>
  <testcase classname="src.AutoTest3" name="CelticCionsJackpot" time="2.350">
    <error message="ImageMissing: P(https://gtechcorp.sharepoint.com/sites/RGSeInstant/Shared Documents/Forms/AllItems.aspx?csf=1&amp;web=1&amp;e=PIHKJ7&amp;cid=a64b0bd7-9644-4403-a4e1-48846b4e8d01&amp;FolderCTID=0x0120004D43CBD58EA1A440B309B4EF9FD08078&amp;id=/sites/RGSeInstant/Shared Documents/Skill transfer/QA/SikuliImages/sekuliImages/Kentucky/CelticCoinsJackpot&amp;viewid=a9cbab4a-e06c-4ee7-bad6-87a3247a1c90/celtic1.png -- not valid!) S: 0.7" type="java.lang.RuntimeException">
      <![CDATA[java.lang.RuntimeException: ImageMissing: P(https://gtechcorp.sharepoint.com/sites/RGSeInstant/Shared Documents/Forms/AllItems.aspx?csf=1&web=1&e=PIHKJ7&cid=a64b0bd7-9644-4403-a4e1-48846b4e8d01&FolderCTID=0x0120004D43CBD58EA1A440B309B4EF9FD08078&id=/sites/RGSeInstant/Shared Documents/Skill transfer/QA/SikuliImages/sekuliImages/Kentucky/CelticCoinsJackpot&viewid=a9cbab4a-e06c-4ee7-bad6-87a3247a1c90/celtic1.png -- not valid!) S: 0.7
at org.sikuli.script.RunTime.abortScripting(RunTime.java:71)
at org.sikuli.script.Region.wait(Region.java:2730)
at src.AutoTest3.CelticCionsJackpot(AutoTest3.java:67)
at java.base/jdk.internal.reflect.DirectMethodHandleAccessor.invoke(DirectMethodHandleAccessor.java:104)
at java.base/java.lang.reflect.Method.invoke(Method.java:577)
at org.testng.internal.invokers.MethodInvocationHelper.invokeMethod(MethodInvocationHelper.java:135)
at org.testng.internal.invokers.TestInvoker.invokeMethod(TestInvoker.java:673)
at org.testng.internal.invokers.TestInvoker.invokeTestMethod(TestInvoker.java:220)
at org.testng.internal.invokers.MethodRunner.runInSequence(MethodRunner.java:50)
at org.testng.internal.invokers.TestInvoker$MethodInvocationAgent.invoke(TestInvoker.java:945)
at org.testng.internal.invokers.TestInvoker.invokeTestMethods(TestInvoker.java:193)
at org.testng.internal.invokers.TestMethodWorker.invokeTestMethods(TestMethodWorker.java:146)
at org.testng.internal.invokers.TestMethodWorker.run(TestMethodWorker.java:128)
at java.base/java.util.ArrayList.forEach(ArrayList.java:1511)
at org.testng.TestRunner.privateRun(TestRunner.java:808)
at org.testng.TestRunner.run(TestRunner.java:603)
at org.testng.SuiteRunner.runTest(SuiteRunner.java:429)
at org.testng.SuiteRunner.runSequentially(SuiteRunner.java:423)
at org.testng.SuiteRunner.privateRun(SuiteRunner.java:383)
at org.testng.SuiteRunner.run(SuiteRunner.java:326)
at org.testng.SuiteRunnerWorker.runSuite(SuiteRunnerWorker.java:52)
at org.testng.SuiteRunnerWorker.run(SuiteRunnerWorker.java:95)
at org.testng.TestNG.runSuitesSequentially(TestNG.java:1249)
at org.testng.TestNG.runSuitesLocally(TestNG.java:1169)
at org.testng.TestNG.runSuites(TestNG.java:1092)
at org.testng.TestNG.run(TestNG.java:1060)
at org.testng.remote.AbstractRemoteTestNG.run(AbstractRemoteTestNG.java:115)
at org.testng.remote.RemoteTestNG.initAndRun(RemoteTestNG.java:251)
at org.testng.remote.RemoteTestNG.main(RemoteTestNG.java:77)
]]>
    </error>
  </testcase> <!-- CelticCionsJackpot -->
  <system-out/>
</testsuite> <!-- src.AutoTest3 -->
